This is XeTeX, Version 3.14159265-2.6-0.999992 (TeX Live 2020/Arch Linux) (preloaded format=xelatex 2021.3.26)  2 APR 2021 16:48
entering extended mode
 \write18 enabled.
 %&-line parsing enabled.
**cr_tp01_maxime_huyghe.tex
(./cr_tp01_maxime_huyghe.tex
LaTeX2e <2020-10-01> patch level 2
L3 programming layer <2020-12-03> xparse <2020-03-03>
(/usr/share/texmf-dist/tex/latex/base/article.cls
Document Class: article 2020/04/10 v1.4m Standard LaTeX document class
(/usr/share/texmf-dist/tex/latex/base/size10.clo
File: size10.clo 2020/04/10 v1.4m Standard LaTeX file (size option)
)
\c@part=\count173
\c@section=\count174
\c@subsection=\count175
\c@subsubsection=\count176
\c@paragraph=\count177
\c@subparagraph=\count178
\c@figure=\count179
\c@table=\count180
\abovecaptionskip=\skip47
\belowcaptionskip=\skip48
\bibindent=\dimen138
)
(/usr/share/texmf-dist/tex/generic/babel/babel.sty
Package: babel 2020/10/27 3.51 The Babel package

(/usr/share/texmf-dist/tex/generic/babel/babel.def
File: babel.def 2020/10/27 3.51 Babel common definitions
\babel@savecnt=\count181
\U@D=\dimen139
\l@babelnohyphens=\language86

(/usr/share/texmf-dist/tex/generic/babel/xebabel.def
(/usr/share/texmf-dist/tex/generic/babel/txtbabel.def))
\bbl@readstream=\read2
)
\bbl@dirlevel=\count182

(/usr/share/texmf-dist/tex/generic/babel-french/french.ldf
Language: french 2020/10/10 v3.5l French support from the babel system
Package babel Info: \l@acadian = using hyphenrules for french
(babel)             (\language28) on input line 91.
Package babel Info: \l@canadien = using hyphenrules for french
(babel)             (\language28) on input line 92.
\FB@nonchar=\count183
Package french.ldf Info: No need for active punctuation characters
(french.ldf)             with this version of XeTeX!
(french.ldf)             reported on input line 332.
\FB@punctthick=\XeTeXcharclass1
\FB@punctthin=\XeTeXcharclass2
\FB@punctnul=\XeTeXcharclass3
\FB@guilo=\XeTeXcharclass4
\FB@guilf=\XeTeXcharclass5
\FB@guilnul=\XeTeXcharclass6
\FBguill@level=\count184
\FBold@everypar=\toks15
\FB@Mht=\dimen140
\mc@charclass=\count185
\mc@charfam=\count186
\mc@charslot=\count187
\std@mcc=\count188
\dec@mcc=\count189
\listindentFB=\dimen141
\descindentFB=\dimen142
\labelindentFB=\dimen143
\labelwidthFB=\dimen144
\leftmarginFB=\dimen145
\parindentFFN=\dimen146
\FBfnindent=\dimen147
))
(/usr/share/texmf-dist/tex/latex/carlisle/scalefnt.sty)
(/usr/share/texmf-dist/tex/latex/graphics/keyval.sty
Package: keyval 2014/10/28 v1.15 key=value parser (DPC)
\KV@toks@=\toks16
)
(/usr/share/texmf-dist/tex/latex/minted/minted.sty
Package: minted 2017/07/19 v2.5 Yet another Pygments shim for LaTeX

(/usr/share/texmf-dist/tex/latex/kvoptions/kvoptions.sty
Package: kvoptions 2020-10-07 v3.14 Key value format for package options (HO)

(/usr/share/texmf-dist/tex/generic/ltxcmds/ltxcmds.sty
Package: ltxcmds 2020-05-10 v1.25 LaTeX kernel commands for general use (HO)
)
(/usr/share/texmf-dist/tex/generic/kvsetkeys/kvsetkeys.sty
Package: kvsetkeys 2019/12/15 v1.18 Key value parser (HO)
))
(/usr/share/texmf-dist/tex/latex/fvextra/fvextra.sty
Package: fvextra 2019/02/04 v1.4 fvextra - extensions and patches for fancyvrb

(/usr/share/texmf-dist/tex/latex/base/ifthen.sty
Package: ifthen 2014/09/29 v1.1c Standard LaTeX ifthen package (DPC)
)
(/usr/share/texmf-dist/tex/latex/etoolbox/etoolbox.sty
Package: etoolbox 2020/10/05 v2.5k e-TeX tools for LaTeX (JAW)
\etb@tempcnta=\count190
)
(/usr/share/texmf-dist/tex/latex/fancyvrb/fancyvrb.sty
Package: fancyvrb 2020/05/03 v3.6 verbatim text (tvz,hv)
\FV@CodeLineNo=\count191
\FV@InFile=\read3
\FV@TabBox=\box47
\c@FancyVerbLine=\count192
\FV@StepNumber=\count193
\FV@OutFile=\write3
)
(/usr/share/texmf-dist/tex/latex/upquote/upquote.sty
Package: upquote 2012/04/19 v1.3 upright-quote and grave-accent glyphs in verba
tim

(/usr/share/texmf-dist/tex/latex/base/textcomp.sty
Package: textcomp 2020/02/02 v2.0n Standard LaTeX package
))
(/usr/share/texmf-dist/tex/latex/lineno/lineno.sty
Package: lineno 2005/11/02 line numbers on paragraphs v4.41
Invalid UTF-8 byte or sequence at line 296 replaced by U+FFFD.
\linenopenalty=\count194
\output=\toks17
\linenoprevgraf=\count195
\linenumbersep=\dimen148
\linenumberwidth=\dimen149
\c@linenumber=\count196
\c@pagewiselinenumber=\count197
\c@LN@truepage=\count198
\c@internallinenumber=\count199
\c@internallinenumbers=\count266
\quotelinenumbersep=\dimen150
\bframerule=\dimen151
\bframesep=\dimen152
\bframebox=\box48
LaTeX Info: Redefining \\ on input line 3056.
)
\c@FV@TrueTabGroupLevel=\count267
\c@FV@TrueTabCounter=\count268
\FV@TabBox@Group=\box49
\FV@TmpLength=\skip49
\c@FV@HighlightLinesStart=\count269
\c@FV@HighlightLinesStop=\count270
\FV@LoopCount=\count271
\FV@NCharsBox=\box50
\FV@BreakIndent=\dimen153
\FV@BreakIndentNChars=\count272
\FV@BreakSymbolSepLeft=\dimen154
\FV@BreakSymbolSepLeftNChars=\count273
\FV@BreakSymbolSepRight=\dimen155
\FV@BreakSymbolSepRightNChars=\count274
\FV@BreakSymbolIndentLeft=\dimen156
\FV@BreakSymbolIndentLeftNChars=\count275
\FV@BreakSymbolIndentRight=\dimen157
\FV@BreakSymbolIndentRightNChars=\count276
\c@FancyVerbLineBreakLast=\count277
\FV@LineBox=\box51
\FV@LineIndentBox=\box52
\FV@LineWidth=\dimen158
)
(/usr/share/texmf-dist/tex/latex/tools/calc.sty
Package: calc 2017/05/25 v4.3 Infix arithmetic (KKT,FJ)
\calc@Acount=\count278
\calc@Bcount=\count279
\calc@Adimen=\dimen159
\calc@Bdimen=\dimen160
\calc@Askip=\skip50
\calc@Bskip=\skip51
LaTeX Info: Redefining \setlength on input line 80.
LaTeX Info: Redefining \addtolength on input line 81.
\calc@Ccount=\count280
\calc@Cskip=\skip52
)
(/usr/share/texmf-dist/tex/latex/tools/shellesc.sty
Package: shellesc 2019/11/08 v1.0c unified shell escape interface for LaTeX
Package shellesc Info: Unrestricted shell escape enabled on input line 75.
)
(/usr/share/texmf-dist/tex/latex/ifplatform/ifplatform.sty
Package: ifplatform 2017/10/13 v0.4a Testing for the operating system

(/usr/share/texmf-dist/tex/generic/pdftexcmds/pdftexcmds.sty
Package: pdftexcmds 2020-06-27 v0.33 Utility functions of pdfTeX for LuaTeX (HO
)

(/usr/share/texmf-dist/tex/generic/infwarerr/infwarerr.sty
Package: infwarerr 2019/12/03 v1.5 Providing info/warning/error messages (HO)
)
(/usr/share/texmf-dist/tex/generic/iftex/iftex.sty
Package: iftex 2020/03/06 v1.0d TeX engine tests
)
Package pdftexcmds Info: \pdf@primitive is available.
Package pdftexcmds Info: \pdf@ifprimitive is available.
Package pdftexcmds Info: \pdfdraftmode not found.
)
(/usr/share/texmf-dist/tex/generic/catchfile/catchfile.sty
Package: catchfile 2019/12/09 v1.8 Catch the contents of a file (HO)

(/usr/share/texmf-dist/tex/generic/etexcmds/etexcmds.sty
Package: etexcmds 2019/12/15 v1.7 Avoid name clashes with e-TeX commands (HO)
))
(/usr/share/texmf-dist/tex/generic/iftex/ifluatex.sty
Package: ifluatex 2019/10/25 v1.5 ifluatex legacy package. Use iftex instead.
)
runsystem(uname -s > "cr_tp01_maxime_huyghe.w18")...executed.


(./cr_tp01_maxime_huyghe.w18)
runsystem(rm -- "cr_tp01_maxime_huyghe.w18")...executed.

)
(/usr/share/texmf-dist/tex/generic/xstring/xstring.sty
(/usr/share/texmf-dist/tex/generic/xstring/xstring.tex
\integerpart=\count281
Invalid UTF-8 byte or sequence at line 35 replaced by U+FFFD.
\decimalpart=\count282
Invalid UTF-8 byte or sequence at line 79 replaced by U+FFFD.
Invalid UTF-8 byte or sequence at line 79 replaced by U+FFFD.
Invalid UTF-8 byte or sequence at line 83 replaced by U+FFFD.
Invalid UTF-8 byte or sequence at line 86 replaced by U+FFFD.
Invalid UTF-8 byte or sequence at line 102 replaced by U+FFFD.
Invalid UTF-8 byte or sequence at line 114 replaced by U+FFFD.
Invalid UTF-8 byte or sequence at line 120 replaced by U+FFFD.
Invalid UTF-8 byte or sequence at line 125 replaced by U+FFFD.
Invalid UTF-8 byte or sequence at line 147 replaced by U+FFFD.
Invalid UTF-8 byte or sequence at line 147 replaced by U+FFFD.
Invalid UTF-8 byte or sequence at line 147 replaced by U+FFFD.
Invalid UTF-8 byte or sequence at line 182 replaced by U+FFFD.
Invalid UTF-8 byte or sequence at line 182 replaced by U+FFFD.
Invalid UTF-8 byte or sequence at line 182 replaced by U+FFFD.
Invalid UTF-8 byte or sequence at line 183 replaced by U+FFFD.
Invalid UTF-8 byte or sequence at line 184 replaced by U+FFFD.
Invalid UTF-8 byte or sequence at line 185 replaced by U+FFFD.
Invalid UTF-8 byte or sequence at line 185 replaced by U+FFFD.
Invalid UTF-8 byte or sequence at line 185 replaced by U+FFFD.
Invalid UTF-8 byte or sequence at line 189 replaced by U+FFFD.
Invalid UTF-8 byte or sequence at line 189 replaced by U+FFFD.
Invalid UTF-8 byte or sequence at line 190 replaced by U+FFFD.
Invalid UTF-8 byte or sequence at line 190 replaced by U+FFFD.
Invalid UTF-8 byte or sequence at line 193 replaced by U+FFFD.
Invalid UTF-8 byte or sequence at line 208 replaced by U+FFFD.
Invalid UTF-8 byte or sequence at line 208 replaced by U+FFFD.
Invalid UTF-8 byte or sequence at line 208 replaced by U+FFFD.
Invalid UTF-8 byte or sequence at line 208 replaced by U+FFFD.
Invalid UTF-8 byte or sequence at line 208 replaced by U+FFFD.
Invalid UTF-8 byte or sequence at line 208 replaced by U+FFFD.
Invalid UTF-8 byte or sequence at line 221 replaced by U+FFFD.
Invalid UTF-8 byte or sequence at line 221 replaced by U+FFFD.
Invalid UTF-8 byte or sequence at line 241 replaced by U+FFFD.
Invalid UTF-8 byte or sequence at line 241 replaced by U+FFFD.
Invalid UTF-8 byte or sequence at line 241 replaced by U+FFFD.
Invalid UTF-8 byte or sequence at line 241 replaced by U+FFFD.
Invalid UTF-8 byte or sequence at line 266 replaced by U+FFFD.
Invalid UTF-8 byte or sequence at line 284 replaced by U+FFFD.
Invalid UTF-8 byte or sequence at line 295 replaced by U+FFFD.
Invalid UTF-8 byte or sequence at line 300 replaced by U+FFFD.
Invalid UTF-8 byte or sequence at line 300 replaced by U+FFFD.
Invalid UTF-8 byte or sequence at line 301 replaced by U+FFFD.
Invalid UTF-8 byte or sequence at line 301 replaced by U+FFFD.
Invalid UTF-8 byte or sequence at line 301 replaced by U+FFFD.
Invalid UTF-8 byte or sequence at line 302 replaced by U+FFFD.
Invalid UTF-8 byte or sequence at line 303 replaced by U+FFFD.
Invalid UTF-8 byte or sequence at line 332 replaced by U+FFFD.
Invalid UTF-8 byte or sequence at line 332 replaced by U+FFFD.
Invalid UTF-8 byte or sequence at line 332 replaced by U+FFFD.
Invalid UTF-8 byte or sequence at line 332 replaced by U+FFFD.
Invalid UTF-8 byte or sequence at line 333 replaced by U+FFFD.
Invalid UTF-8 byte or sequence at line 334 replaced by U+FFFD.
Invalid UTF-8 byte or sequence at line 334 replaced by U+FFFD.
Invalid UTF-8 byte or sequence at line 334 replaced by U+FFFD.
Invalid UTF-8 byte or sequence at line 406 replaced by U+FFFD.
Invalid UTF-8 byte or sequence at line 406 replaced by U+FFFD.
Invalid UTF-8 byte or sequence at line 409 replaced by U+FFFD.
Invalid UTF-8 byte or sequence at line 410 replaced by U+FFFD.
Invalid UTF-8 byte or sequence at line 428 replaced by U+FFFD.
Invalid UTF-8 byte or sequence at line 434 replaced by U+FFFD.
Invalid UTF-8 byte or sequence at line 457 replaced by U+FFFD.
Invalid UTF-8 byte or sequence at line 457 replaced by U+FFFD.
Invalid UTF-8 byte or sequence at line 464 replaced by U+FFFD.
Invalid UTF-8 byte or sequence at line 464 replaced by U+FFFD.
Invalid UTF-8 byte or sequence at line 466 replaced by U+FFFD.
Invalid UTF-8 byte or sequence at line 466 replaced by U+FFFD.
Invalid UTF-8 byte or sequence at line 541 replaced by U+FFFD.
Invalid UTF-8 byte or sequence at line 541 replaced by U+FFFD.
Invalid UTF-8 byte or sequence at line 541 replaced by U+FFFD.
Invalid UTF-8 byte or sequence at line 586 replaced by U+FFFD.
Invalid UTF-8 byte or sequence at line 586 replaced by U+FFFD.
Invalid UTF-8 byte or sequence at line 588 replaced by U+FFFD.
Invalid UTF-8 byte or sequence at line 588 replaced by U+FFFD.
Invalid UTF-8 byte or sequence at line 595 replaced by U+FFFD.
Invalid UTF-8 byte or sequence at line 597 replaced by U+FFFD.
Invalid UTF-8 byte or sequence at line 599 replaced by U+FFFD.
Invalid UTF-8 byte or sequence at line 602 replaced by U+FFFD.
Invalid UTF-8 byte or sequence at line 605 replaced by U+FFFD.
Invalid UTF-8 byte or sequence at line 605 replaced by U+FFFD.
Invalid UTF-8 byte or sequence at line 610 replaced by U+FFFD.
Invalid UTF-8 byte or sequence at line 615 replaced by U+FFFD.
Invalid UTF-8 byte or sequence at line 632 replaced by U+FFFD.
Invalid UTF-8 byte or sequence at line 632 replaced by U+FFFD.
Invalid UTF-8 byte or sequence at line 633 replaced by U+FFFD.
Invalid UTF-8 byte or sequence at line 635 replaced by U+FFFD.
Invalid UTF-8 byte or sequence at line 637 replaced by U+FFFD.
Invalid UTF-8 byte or sequence at line 647 replaced by U+FFFD.
Invalid UTF-8 byte or sequence at line 653 replaced by U+FFFD.
Invalid UTF-8 byte or sequence at line 678 replaced by U+FFFD.
Invalid UTF-8 byte or sequence at line 700 replaced by U+FFFD.
Invalid UTF-8 byte or sequence at line 705 replaced by U+FFFD.
Invalid UTF-8 byte or sequence at line 715 replaced by U+FFFD.
Invalid UTF-8 byte or sequence at line 715 replaced by U+FFFD.
Invalid UTF-8 byte or sequence at line 715 replaced by U+FFFD.
Invalid UTF-8 byte or sequence at line 719 replaced by U+FFFD.
Invalid UTF-8 byte or sequence at line 732 replaced by U+FFFD.
Invalid UTF-8 byte or sequence at line 732 replaced by U+FFFD.
Invalid UTF-8 byte or sequence at line 741 replaced by U+FFFD.
Invalid UTF-8 byte or sequence at line 741 replaced by U+FFFD.
Invalid UTF-8 byte or sequence at line 742 replaced by U+FFFD.
Invalid UTF-8 byte or sequence at line 742 replaced by U+FFFD.
Invalid UTF-8 byte or sequence at line 762 replaced by U+FFFD.
Invalid UTF-8 byte or sequence at line 773 replaced by U+FFFD.
Invalid UTF-8 byte or sequence at line 773 replaced by U+FFFD.
Invalid UTF-8 byte or sequence at line 774 replaced by U+FFFD.
Invalid UTF-8 byte or sequence at line 774 replaced by U+FFFD.
Invalid UTF-8 byte or sequence at line 774 replaced by U+FFFD.
Invalid UTF-8 byte or sequence at line 797 replaced by U+FFFD.
Invalid UTF-8 byte or sequence at line 797 replaced by U+FFFD.
Invalid UTF-8 byte or sequence at line 810 replaced by U+FFFD.
Invalid UTF-8 byte or sequence at line 824 replaced by U+FFFD.
Invalid UTF-8 byte or sequence at line 824 replaced by U+FFFD.
Invalid UTF-8 byte or sequence at line 831 replaced by U+FFFD.
Invalid UTF-8 byte or sequence at line 838 replaced by U+FFFD.
Invalid UTF-8 byte or sequence at line 838 replaced by U+FFFD.
Invalid UTF-8 byte or sequence at line 846 replaced by U+FFFD.
Invalid UTF-8 byte or sequence at line 846 replaced by U+FFFD.
Invalid UTF-8 byte or sequence at line 861 replaced by U+FFFD.
Invalid UTF-8 byte or sequence at line 862 replaced by U+FFFD.
Invalid UTF-8 byte or sequence at line 864 replaced by U+FFFD.
Invalid UTF-8 byte or sequence at line 864 replaced by U+FFFD.
Invalid UTF-8 byte or sequence at line 908 replaced by U+FFFD.
Invalid UTF-8 byte or sequence at line 909 replaced by U+FFFD.
Invalid UTF-8 byte or sequence at line 909 replaced by U+FFFD.
Invalid UTF-8 byte or sequence at line 934 replaced by U+FFFD.
Invalid UTF-8 byte or sequence at line 934 replaced by U+FFFD.
Invalid UTF-8 byte or sequence at line 936 replaced by U+FFFD.
Invalid UTF-8 byte or sequence at line 936 replaced by U+FFFD.
Invalid UTF-8 byte or sequence at line 940 replaced by U+FFFD.
Invalid UTF-8 byte or sequence at line 940 replaced by U+FFFD.
Invalid UTF-8 byte or sequence at line 962 replaced by U+FFFD.
Invalid UTF-8 byte or sequence at line 962 replaced by U+FFFD.
Invalid UTF-8 byte or sequence at line 964 replaced by U+FFFD.
Invalid UTF-8 byte or sequence at line 965 replaced by U+FFFD.
Invalid UTF-8 byte or sequence at line 1006 replaced by U+FFFD.
)
Package: xstring 2019/02/06 v1.83 String manipulations (CT)
)
(/usr/share/texmf-dist/tex/latex/framed/framed.sty
Package: framed 2011/10/22 v 0.96: framed or shaded text with page breaks
\OuterFrameSep=\skip53
\fb@frw=\dimen161
\fb@frh=\dimen162
\FrameRule=\dimen163
\FrameSep=\dimen164
)
(/usr/share/texmf-dist/tex/latex/float/float.sty
Package: float 2001/11/08 v1.3d Float enhancements (AL)
\c@float@type=\count283
\float@exts=\toks18
\float@box=\box53
\@float@everytoks=\toks19
\@floatcapt=\box54
)
\minted@appexistsfile=\read4
\minted@bgbox=\box55
\minted@code=\write4
\c@minted@FancyVerbLineTemp=\count284
\c@minted@pygmentizecounter=\count285
\@float@every@listing=\toks20
\c@listing=\count286
)
runsystem(mkdir -p _minted-cr_tp01_maxime_huyghe)...executed.


(/usr/share/texmf-dist/tex/latex/graphics/graphicx.sty
Package: graphicx 2020/09/09 v1.2b Enhanced LaTeX Graphics (DPC,SPQR)

(/usr/share/texmf-dist/tex/latex/graphics/graphics.sty
Package: graphics 2020/08/30 v1.4c Standard LaTeX Graphics (DPC,SPQR)

(/usr/share/texmf-dist/tex/latex/graphics/trig.sty
Package: trig 2016/01/03 v1.10 sin cos tan (DPC)
)
(/usr/share/texmf-dist/tex/latex/graphics-cfg/graphics.cfg
File: graphics.cfg 2016/06/04 v1.11 sample graphics configuration
)
Package graphics Info: Driver file: xetex.def on input line 105.

(/usr/share/texmf-dist/tex/latex/graphics-def/xetex.def
File: xetex.def 2020/08/26 v5.0i Graphics/color driver for xetex
))
\Gin@req@height=\dimen165
\Gin@req@width=\dimen166
)
(/usr/share/texmf-dist/tex/latex/xcolor/xcolor.sty
Package: xcolor 2016/05/11 v2.12 LaTeX color extensions (UK)

(/usr/share/texmf-dist/tex/latex/graphics-cfg/color.cfg
File: color.cfg 2016/01/02 v1.6 sample color configuration
)
Package xcolor Info: Driver file: xetex.def on input line 225.
Package xcolor Info: Model `cmy' substituted by `cmy0' on input line 1348.
Package xcolor Info: Model `RGB' extended on input line 1364.
Package xcolor Info: Model `HTML' substituted by `rgb' on input line 1366.
Package xcolor Info: Model `Hsb' substituted by `hsb' on input line 1367.
Package xcolor Info: Model `tHsb' substituted by `hsb' on input line 1368.
Package xcolor Info: Model `HSB' substituted by `hsb' on input line 1369.
Package xcolor Info: Model `Gray' substituted by `gray' on input line 1370.
Package xcolor Info: Model `wave' substituted by `hsb' on input line 1371.
)
runsystem(which pygmentize && touch cr_tp01_maxime_huyghe.aex)...executed.

runsystem(rm cr_tp01_maxime_huyghe.aex)...executed.


(/usr/share/texmf-dist/tex/latex/l3backend/l3backend-xetex.def
File: l3backend-xetex.def 2020-09-24 L3 backend support: XeTeX
\g__graphics_track_int=\count287
\l__pdf_internal_box=\box56
\g__pdf_backend_object_int=\count288
\g__pdf_backend_annotation_int=\count289
)
No file cr_tp01_maxime_huyghe.aux.
LaTeX Font Info:    Checking defaults for OML/cmm/m/it on input line 10.
LaTeX Font Info:    ... okay on input line 10.
LaTeX Font Info:    Checking defaults for OMS/cmsy/m/n on input line 10.
LaTeX Font Info:    ... okay on input line 10.
LaTeX Font Info:    Checking defaults for OT1/cmr/m/n on input line 10.
LaTeX Font Info:    ... okay on input line 10.
LaTeX Font Info:    Checking defaults for T1/cmr/m/n on input line 10.
LaTeX Font Info:    ... okay on input line 10.
LaTeX Font Info:    Checking defaults for TS1/cmr/m/n on input line 10.
LaTeX Font Info:    Trying to load font information for TS1+cmr on input line 1
0.
(/usr/share/texmf-dist/tex/latex/base/ts1cmr.fd
File: ts1cmr.fd 2019/12/16 v2.5j Standard LaTeX font definitions
)
LaTeX Font Info:    ... okay on input line 10.
LaTeX Font Info:    Checking defaults for TU/lmr/m/n on input line 10.
LaTeX Font Info:    ... okay on input line 10.
LaTeX Font Info:    Checking defaults for OMX/cmex/m/n on input line 10.
LaTeX Font Info:    ... okay on input line 10.
LaTeX Font Info:    Checking defaults for U/cmr/m/n on input line 10.
LaTeX Font Info:    ... okay on input line 10.
LaTeX Info: Redefining \degres on input line 10.
LaTeX Info: Redefining \dots on input line 10.
LaTeX Info: Redefining \up on input line 10.
LaTeX Font Info:    External font `cmex10' loaded for size
(Font)              <12> on input line 12.
LaTeX Font Info:    External font `cmex10' loaded for size
(Font)              <8> on input line 12.
LaTeX Font Info:    External font `cmex10' loaded for size
(Font)              <6> on input line 12.
runsystem(pygmentize -S default -f latex -P commandprefix=PYG > _minted-cr_tp01
_maxime_huyghe/default-pyg-prefix.pygstyle)...executed.


(./_minted-cr_tp01_maxime_huyghe/default-pyg-prefix.pygstyle)
runsystem(pygmentize -S default -f latex -P commandprefix=PYGdefault > _minted-
cr_tp01_maxime_huyghe/default.pygstyle)...executed.


(./_minted-cr_tp01_maxime_huyghe/default.pygstyle)
runsystem(pygmentize -l prolog -f latex -P commandprefix=PYG -F tokenmerge -o _
minted-cr_tp01_maxime_huyghe/5ACEE5C8F1BAB8ABBE7D4B25C740343035C9A4AAE3EB533056
D292A692A24E51.pygtex cr_tp01_maxime_huyghe.pyg)...executed.


(./_minted-cr_tp01_maxime_huyghe/5ACEE5C8F1BAB8ABBE7D4B25C740343035C9A4AAE3EB53
3056D292A692A24E51.pygtex)
runsystem(pygmentize -l prolog -f latex -P commandprefix=PYG -F tokenmerge -o _
minted-cr_tp01_maxime_huyghe/2CAFF292276F26F7EB6A900A40175E9C35C9A4AAE3EB533056
D292A692A24E51.pygtex cr_tp01_maxime_huyghe.pyg)...executed.


(./_minted-cr_tp01_maxime_huyghe/2CAFF292276F26F7EB6A900A40175E9C35C9A4AAE3EB53
3056D292A692A24E51.pygtex)
runsystem(pygmentize -l prolog -f latex -P commandprefix=PYG -F tokenmerge -o _
minted-cr_tp01_maxime_huyghe/5EB47EAB9406231ED8CAE62430C9C21935C9A4AAE3EB533056
D292A692A24E51.pygtex cr_tp01_maxime_huyghe.pyg)...executed.


(./_minted-cr_tp01_maxime_huyghe/5EB47EAB9406231ED8CAE62430C9C21935C9A4AAE3EB53
3056D292A692A24E51.pygtex)
File: arbre_ex3.jpg Graphic file (type bmp)
<arbre_ex3.jpg>

Overfull \hbox (15.0pt too wide) in paragraph at lines 35--37
[][] 
 []

[1

]
(./_minted-cr_tp01_maxime_huyghe/5EB47EAB9406231ED8CAE62430C9C21935C9A4AAE3EB53
3056D292A692A24E51.pygtex)
runsystem(pygmentize -l prolog -f latex -P commandprefix=PYG -F tokenmerge -o _
minted-cr_tp01_maxime_huyghe/4223BFE7A2EA8A5E23B77A228324DA0B35C9A4AAE3EB533056
D292A692A24E51.pygtex cr_tp01_maxime_huyghe.pyg)...executed.


(./_minted-cr_tp01_maxime_huyghe/4223BFE7A2EA8A5E23B77A228324DA0B35C9A4AAE3EB53
3056D292A692A24E51.pygtex
LaTeX Font Info:    Font shape `TU/lmtt/bx/n' in size <10> not available
(Font)              Font shape `TU/lmtt/b/n' tried instead on input line 3.
)
runsystem(pygmentize -l prolog -f latex -P commandprefix=PYG -F tokenmerge -o _
minted-cr_tp01_maxime_huyghe/D15DA9F56C457EDF70D25754A63A6B3235C9A4AAE3EB533056
D292A692A24E51.pygtex cr_tp01_maxime_huyghe.pyg)...executed.


(./_minted-cr_tp01_maxime_huyghe/D15DA9F56C457EDF70D25754A63A6B3235C9A4AAE3EB53
3056D292A692A24E51.pygtex)
runsystem(pygmentize -l prolog -f latex -P commandprefix=PYG -F tokenmerge -o _
minted-cr_tp01_maxime_huyghe/CD151A32FB887752FA47BEFDD429F58135C9A4AAE3EB533056
D292A692A24E51.pygtex cr_tp01_maxime_huyghe.pyg)...executed.


(./_minted-cr_tp01_maxime_huyghe/CD151A32FB887752FA47BEFDD429F58135C9A4AAE3EB53
3056D292A692A24E51.pygtex [2])
runsystem(pygmentize -l prolog -f latex -P commandprefix=PYG -F tokenmerge -o _
minted-cr_tp01_maxime_huyghe/9470C0B00689DAC4F9F2E7516A413DE335C9A4AAE3EB533056
D292A692A24E51.pygtex cr_tp01_maxime_huyghe.pyg)...executed.


(./_minted-cr_tp01_maxime_huyghe/9470C0B00689DAC4F9F2E7516A413DE335C9A4AAE3EB53
3056D292A692A24E51.pygtex)
(./_minted-cr_tp01_maxime_huyghe/9470C0B00689DAC4F9F2E7516A413DE335C9A4AAE3EB53
3056D292A692A24E51.pygtex)
runsystem(pygmentize -l prolog -f latex -P commandprefix=PYG -F tokenmerge -o _
minted-cr_tp01_maxime_huyghe/09BE11C9EE38DA1079E1C823677AA78B35C9A4AAE3EB533056
D292A692A24E51.pygtex cr_tp01_maxime_huyghe.pyg)...executed.


(./_minted-cr_tp01_maxime_huyghe/09BE11C9EE38DA1079E1C823677AA78B35C9A4AAE3EB53
3056D292A692A24E51.pygtex)
runsystem(pygmentize -l prolog -f latex -P commandprefix=PYG -F tokenmerge -o _
minted-cr_tp01_maxime_huyghe/8386A7FEC8EB835B92A676BDD928018035C9A4AAE3EB533056
D292A692A24E51.pygtex cr_tp01_maxime_huyghe.pyg)...executed.


(./_minted-cr_tp01_maxime_huyghe/8386A7FEC8EB835B92A676BDD928018035C9A4AAE3EB53
3056D292A692A24E51.pygtex)
(./_minted-cr_tp01_maxime_huyghe/CD151A32FB887752FA47BEFDD429F58135C9A4AAE3EB53
3056D292A692A24E51.pygtex)
(./_minted-cr_tp01_maxime_huyghe/9470C0B00689DAC4F9F2E7516A413DE335C9A4AAE3EB53
3056D292A692A24E51.pygtex)
(./_minted-cr_tp01_maxime_huyghe/9470C0B00689DAC4F9F2E7516A413DE335C9A4AAE3EB53
3056D292A692A24E51.pygtex)
runsystem(pygmentize -l prolog -f latex -P commandprefix=PYG -F tokenmerge -o _
minted-cr_tp01_maxime_huyghe/50441E731D054A5625F6BF40158D700F35C9A4AAE3EB533056
D292A692A24E51.pygtex cr_tp01_maxime_huyghe.pyg)...executed.


(./_minted-cr_tp01_maxime_huyghe/50441E731D054A5625F6BF40158D700F35C9A4AAE3EB53
3056D292A692A24E51.pygtex [3])
runsystem(pygmentize -l prolog -f latex -P commandprefix=PYG -F tokenmerge -o _
minted-cr_tp01_maxime_huyghe/C29541F7FC9AB3F246CDC38595A6BC0035C9A4AAE3EB533056
D292A692A24E51.pygtex cr_tp01_maxime_huyghe.pyg)...executed.


(./_minted-cr_tp01_maxime_huyghe/C29541F7FC9AB3F246CDC38595A6BC0035C9A4AAE3EB53
3056D292A692A24E51.pygtex)
runsystem(pygmentize -l prolog -f latex -P commandprefix=PYG -F tokenmerge -o _
minted-cr_tp01_maxime_huyghe/4D276BC5686B7A0FBAC24DB4BE71F5D635C9A4AAE3EB533056
D292A692A24E51.pygtex cr_tp01_maxime_huyghe.pyg)...executed.


(./_minted-cr_tp01_maxime_huyghe/4D276BC5686B7A0FBAC24DB4BE71F5D635C9A4AAE3EB53
3056D292A692A24E51.pygtex [4])
runsystem(pygmentize -l prolog -f latex -P commandprefix=PYG -F tokenmerge -o _
minted-cr_tp01_maxime_huyghe/6AFD646149C84EA8C58921ABECA0FF7835C9A4AAE3EB533056
D292A692A24E51.pygtex cr_tp01_maxime_huyghe.pyg)...executed.


(./_minted-cr_tp01_maxime_huyghe/6AFD646149C84EA8C58921ABECA0FF7835C9A4AAE3EB53
3056D292A692A24E51.pygtex)
File: arbre_ex6.jpg Graphic file (type bmp)
<arbre_ex6.jpg>

Overfull \hbox (15.0pt too wide) in paragraph at lines 183--184
[][] 
 []


(./_minted-cr_tp01_maxime_huyghe/6AFD646149C84EA8C58921ABECA0FF7835C9A4AAE3EB53
3056D292A692A24E51.pygtex)
runsystem(pygmentize -l prolog -f latex -P commandprefix=PYG -F tokenmerge -o _
minted-cr_tp01_maxime_huyghe/C78CA5AF5A683B00815E0C499BBE365735C9A4AAE3EB533056
D292A692A24E51.pygtex cr_tp01_maxime_huyghe.pyg)...executed.


(./_minted-cr_tp01_maxime_huyghe/C78CA5AF5A683B00815E0C499BBE365735C9A4AAE3EB53
3056D292A692A24E51.pygtex [5]) [6] (./cr_tp01_maxime_huyghe.aux)
runsystem(rm cr_tp01_maxime_huyghe.pyg)...executed.

 ) 
Here is how much of TeX's memory you used:
 6540 strings out of 477299
 120315 string characters out of 5838338
 490515 words of memory out of 5000000
 26018 multiletter control sequences out of 15000+600000
 406230 words of font info for 44 fonts, out of 8000000 for 9000
 1348 hyphenation exceptions out of 8191
 80i,6n,85p,447b,361s stack positions out of 5000i,500n,10000p,200000b,80000s

Output written on cr_tp01_maxime_huyghe.pdf (6 pages).
