Backup of data directory... 
Migrating 'EG23 TP02' model ...



The 'EG23 TP02' model will be migrated:
   from: Infrastructure v2.1.00, Standard v2.2.01
   to:   Infrastructure v2.1.03, Standard v2.3.00
with the following steps:
 - from 'Infrastructure v2.1.00' to 'Infrastructure v2.1.03'
 - from 'Standard v2.2.01' to 'Standard v2.3.00'


Migrating 'EG23 TP02' from Infrastructure v2.1.00 toward Infrastructure v2.1.03...
------------------------------------
  > log trace: The 'EG23 TP02' repository index is missing.
Rebuilding 'EG23 TP02' indexes...
 Running 'MigratorFrom36' migrator ... 


Migrating 'EG23 TP02' from Standard v2.2.01 toward Standard v2.3.00...
------------------------------------
Rebuilding 'EG23 TP02' indexes...
 Running 'BpmnMigratorFromV220' migrator ... 
Running class org.modelio.bpmn.diagram.editor.contributor.BpmnMmMigrationContributor migration contributor ...
'EG23 TP02' migration sucessful.
Archiving 'EG23 TP02' model backup to '/home/lumm/cours/p21/eg23/tp2 modelisation/EG23 TP02/.runtime/fragments/EG23 TP02/migration_archive' ...
